Crashlog created at 2015-03-16 01:28:41 +0100

===== MESSAGE:

Sass::SyntaxError: Invalid CSS after "// Page specific": expected selector or at-rule, was "@import "partia..."

===== COMPILATION STACK:

  (empty)

===== STACK TRACE:

  0. content/style/sparkiy.scss:6
  1. C:/tools/ruby215/lib/ruby/gems/2.1.0/gems/sass-3.4.11/lib/sass/scss/parser.rb:1165:in `expected'
  2. C:/tools/ruby215/lib/ruby/gems/2.1.0/gems/sass-3.4.11/lib/sass/scss/parser.rb:1101:in `expected'
  3. C:/tools/ruby215/lib/ruby/gems/2.1.0/gems/sass-3.4.11/lib/sass/scss/parser.rb:43:in `parse'
  4. C:/tools/ruby215/lib/ruby/gems/2.1.0/gems/sass-3.4.11/lib/sass/engine.rb:393:in `_to_tree'
  5. C:/tools/ruby215/lib/ruby/gems/2.1.0/gems/sass-3.4.11/lib/sass/engine.rb:268:in `render'
  6. C:/tools/ruby215/lib/ruby/gems/2.1.0/gems/nanoc-3.7.5/lib/nanoc/filters/sass.rb:19:in `run'
  7. C:/tools/ruby215/lib/ruby/gems/2.1.0/gems/nanoc-3.7.5/lib/nanoc/base/compilation/filter.rb:117:in `setup_and_run'
  8. C:/tools/ruby215/lib/ruby/gems/2.1.0/gems/nanoc-3.7.5/lib/nanoc/base/result_data/item_rep.rb:334:in `filter'
  9. C:/tools/ruby215/lib/ruby/gems/2.1.0/gems/nanoc-3.7.5/lib/nanoc/base/compilation/item_rep_proxy.rb:45:in `filter'
  10. C:/tools/ruby215/lib/ruby/gems/2.1.0/gems/nanoc-3.7.5/lib/nanoc/base/compilation/rule_context.rb:59:in `filter'
  11. C:/Users/Aleksandar/Source/Repos/sparkiy/Rules:33:in `block in parse'
  12. C:/tools/ruby215/lib/ruby/gems/2.1.0/gems/nanoc-3.7.5/lib/nanoc/base/compilation/rule.rb:68:in `instance_eval'
  13. C:/tools/ruby215/lib/ruby/gems/2.1.0/gems/nanoc-3.7.5/lib/nanoc/base/compilation/rule.rb:68:in `apply_to'
  14. C:/tools/ruby215/lib/ruby/gems/2.1.0/gems/nanoc-3.7.5/lib/nanoc/base/compilation/compiler.rb:385:in `compile_rep'
  15. C:/tools/ruby215/lib/ruby/gems/2.1.0/gems/nanoc-3.7.5/lib/nanoc/base/compilation/compiler.rb:341:in `block in compile_reps'
  16. C:/tools/ruby215/lib/ruby/gems/2.1.0/gems/nanoc-3.7.5/lib/nanoc/base/compilation/compiler.rb:334:in `loop'
  17. C:/tools/ruby215/lib/ruby/gems/2.1.0/gems/nanoc-3.7.5/lib/nanoc/base/compilation/compiler.rb:334:in `compile_reps'
  18. C:/tools/ruby215/lib/ruby/gems/2.1.0/gems/nanoc-3.7.5/lib/nanoc/base/compilation/compiler.rb:87:in `run'
  19. C:/tools/ruby215/lib/ruby/gems/2.1.0/gems/nanoc-3.7.5/lib/nanoc/base/source_data/site.rb:57:in `compile'
  20. C:/tools/ruby215/lib/ruby/gems/2.1.0/gems/guard-nanoc-1.0.3/lib/guard/nanoc.rb:65:in `block in recompile'
  21. C:/tools/ruby215/lib/ruby/gems/2.1.0/gems/guard-nanoc-1.0.3/lib/guard/nanoc.rb:63:in `chdir'
  22. C:/tools/ruby215/lib/ruby/gems/2.1.0/gems/guard-nanoc-1.0.3/lib/guard/nanoc.rb:63:in `recompile'
  23. C:/tools/ruby215/lib/ruby/gems/2.1.0/gems/guard-nanoc-1.0.3/lib/guard/nanoc.rb:28:in `run_on_changes'
  24. C:/tools/ruby215/lib/ruby/gems/2.1.0/gems/guard-2.11.1/lib/guard/runner.rb:82:in `block in _supervise'
  25. C:/tools/ruby215/lib/ruby/gems/2.1.0/gems/guard-2.11.1/lib/guard/runner.rb:79:in `catch'
  26. C:/tools/ruby215/lib/ruby/gems/2.1.0/gems/guard-2.11.1/lib/guard/runner.rb:79:in `_supervise'
  27. C:/tools/ruby215/lib/ruby/gems/2.1.0/gems/guard-2.11.1/lib/guard/runner.rb:61:in `block (3 levels) in run_on_changes'
  28. C:/tools/ruby215/lib/ruby/gems/2.1.0/gems/guard-2.11.1/lib/guard/runner.rb:56:in `each'
  29. C:/tools/ruby215/lib/ruby/gems/2.1.0/gems/guard-2.11.1/lib/guard/runner.rb:56:in `block (2 levels) in run_on_changes'
  30. C:/tools/ruby215/lib/ruby/gems/2.1.0/gems/guard-2.11.1/lib/guard/runner.rb:119:in `block (2 levels) in _run_group_plugins'
  31. C:/tools/ruby215/lib/ruby/gems/2.1.0/gems/guard-2.11.1/lib/guard/runner.rb:117:in `each'
  32. C:/tools/ruby215/lib/ruby/gems/2.1.0/gems/guard-2.11.1/lib/guard/runner.rb:117:in `block in _run_group_plugins'
  33. C:/tools/ruby215/lib/ruby/gems/2.1.0/gems/guard-2.11.1/lib/guard/runner.rb:116:in `catch'
  34. C:/tools/ruby215/lib/ruby/gems/2.1.0/gems/guard-2.11.1/lib/guard/runner.rb:116:in `_run_group_plugins'
  35. C:/tools/ruby215/lib/ruby/gems/2.1.0/gems/guard-2.11.1/lib/guard/runner.rb:54:in `block in run_on_changes'
  36. C:/tools/ruby215/lib/ruby/gems/2.1.0/gems/guard-2.11.1/lib/guard/runner.rb:53:in `each'
  37. C:/tools/ruby215/lib/ruby/gems/2.1.0/gems/guard-2.11.1/lib/guard/runner.rb:53:in `run_on_changes'
  38. C:/tools/ruby215/lib/ruby/gems/2.1.0/gems/guard-2.11.1/lib/guard/internals/queue.rb:23:in `process'
  39. C:/tools/ruby215/lib/ruby/gems/2.1.0/gems/guard-2.11.1/lib/guard/commander.rb:43:in `start'
  40. C:/tools/ruby215/lib/ruby/gems/2.1.0/gems/guard-2.11.1/lib/guard/cli/environments/valid.rb:16:in `start_guard'
  41. C:/tools/ruby215/lib/ruby/gems/2.1.0/gems/guard-2.11.1/lib/guard/cli.rb:113:in `start'
  42. C:/tools/ruby215/lib/ruby/gems/2.1.0/gems/thor-0.19.1/lib/thor/command.rb:27:in `run'
  43. C:/tools/ruby215/lib/ruby/gems/2.1.0/gems/thor-0.19.1/lib/thor/invocation.rb:126:in `invoke_command'
  44. C:/tools/ruby215/lib/ruby/gems/2.1.0/gems/thor-0.19.1/lib/thor.rb:359:in `dispatch'
  45. C:/tools/ruby215/lib/ruby/gems/2.1.0/gems/thor-0.19.1/lib/thor/base.rb:440:in `start'
  46. C:/tools/ruby215/lib/ruby/gems/2.1.0/gems/guard-2.11.1/lib/guard/aruba_adapter.rb:32:in `execute'
  47. C:/tools/ruby215/lib/ruby/gems/2.1.0/gems/guard-2.11.1/lib/guard/aruba_adapter.rb:19:in `execute!'
  48. C:/tools/ruby215/lib/ruby/gems/2.1.0/gems/guard-2.11.1/bin/guard:11:in `<top (required)>'
  49. C:/tools/ruby215/bin/guard:23:in `load'

===== VERSION INFORMATION:

nanoc 3.7.5 © 2007-2015 Denis Defreyne.
Running ruby 2.1.5 (2014-11-13) on x64-mingw32 with RubyGems 2.4.6.

===== SYSTEM INFORMATION:

MINGW32_NT-6.2 WIN-K5AJFGB5DC1 1.0.17(0.48/3/2) 2011-04-24 23:39 i686 Msys

===== INSTALLED GEMS:

  adsf 1.2.0
  bundler 1.8.5
  celluloid 0.16.0
  chunky_png 1.3.3
  coderay 1.1.0
  colored 1.2
  compass 1.0.3
  compass-core 1.0.3
  compass-import-once 1.0.5
  cri 2.6.1
  ffi 1.9.6
  formatador 0.2.5
  guard 2.11.1
  guard-nanoc 1.0.3
  hitimes 1.2.2
  kramdown 1.5.0
  listen 2.8.5
  lumberjack 1.0.9
  method_source 0.8.2
  multi_json 1.10.1
  nanoc 3.7.5
  nenv 0.2.0
  notiffany 0.0.4
  pry 0.10.1
  rack 1.6.0
  rb-fsevent 0.9.4
  rb-inotify 0.9.5
  rouge 1.7.7
  sass 3.4.11
  shellany 0.0.1
  slop 3.6.0
  thor 0.19.1
  timers 4.0.1
  wdm 0.1.0
  win32console 1.3.2

===== ENVIRONMENT:

ALLUSERSPROFILE => "C:\\ProgramData"
APPDATA => "C:\\Users\\Aleksandar\\AppData\\Roaming"
BUNDLE_BIN_PATH => "C:/tools/ruby215/lib/ruby/gems/2.1.0/gems/bundler-1.8.5/bin/bundle"
BUNDLE_GEMFILE => "C:/Users/Aleksandar/Source/Repos/sparkiy/Gemfile"
COLUMNS => "120"
COMPUTERNAME => "WIN-K5AJFGB5DC1"
ChocolateyInstall => "C:\\ProgramData\\chocolatey"
ComSpec => "C:\\WINDOWS\\system32\\cmd.exe"
CommonProgramFiles => "C:\\Program Files\\Common Files"
CommonProgramFiles(x86) => "C:\\Program Files (x86)\\Common Files"
CommonProgramW6432 => "C:\\Program Files\\Common Files"
GEM_HOME => "C:/tools/ruby215/lib/ruby/gems/2.1.0"
GEM_PATH => "C:/tools/ruby215/lib/ruby/gems/2.1.0;C:/Users/Aleksandar/.gem/ruby/2.1.0"
GTK_BASEPATH => "C:\\Program Files (x86)\\GtkSharp\\2.12\\"
GUARD_NOTIFIERS => "---\n- :name: :terminal_title\n  :options: {}\n"
GUARD_NOTIFY_ACTIVE => "true"
GUARD_NOTIFY_PID => "26228"
HOME => "C:/Users/Aleksandar"
HOMEDRIVE => "C:"
HOMEPATH => "\\Users\\Aleksandar"
JAVA_HOME => "C:\\Program Files\\Java\\jre7"
LINES => "3000"
LOCALAPPDATA => "C:\\Users\\Aleksandar\\AppData\\Local"
LOGONSERVER => "\\\\MicrosoftAccount"
MANPATH => "C:/tools/ruby215/lib/ruby/gems/2.1.0/gems/kramdown-1.5.0/man"
NUMBER_OF_PROCESSORS => "4"
OS => "Windows_NT"
PATHEXT => ".COM;.EXE;.BAT;.CMD;.VBS;.VBE;.JS;.JSE;.WSF;.WSH;.MSC;.RB;.RBW;.PY;.RB;.RBW;.CPL"
PROCESSOR_ARCHITECTURE => "AMD64"
PROCESSOR_IDENTIFIER => "Intel64 Family 6 Model 42 Stepping 7, GenuineIntel"
PROCESSOR_LEVEL => "6"
PROCESSOR_REVISION => "2a07"
PROMPT => "$P$G"
PSModulePath => "C:\\Users\\Aleksandar\\Documents\\WindowsPowerShell\\Modules;C:\\Program Files\\WindowsPowerShell\\Modules;C:\\WINDOWS\\system32\\WindowsPowerShell\\v1.0\\Modules\\;C:\\Program Files (x86)\\Microsoft SQL Server\\120\\Tools\\PowerShell\\Modules\\;C:\\Program Files (x86)\\Microsoft SDKs\\Azure\\PowerShell\\ServiceManagement"
PUBLIC => "C:\\Users\\Public"
PYTHONHOME => "C:\\tools\\python"
Path => "C:/tools/ruby215/lib/ruby/gems/2.1.0/bin;C:\\Ruby22-x64\\devkit\\bin;C:\\Ruby22-x64\\bin;C:\\tools\\ruby215\\bin;C:\\ProgramData\\Oracle\\Java\\javapath;C:\\WINDOWS\\system32;C:\\WINDOWS;C:\\WINDOWS\\System32\\Wbem;C:\\WINDOWS\\System32\\WindowsPowerShell\\v1.0\\;C:\\Program Files (x86)\\Windows Kits\\8.1\\Windows Performance Toolkit\\;C:\\Program Files\\Microsoft SQL Server\\120\\Tools\\Binn\\;C:\\Program Files\\Microsoft SQL Server\\Client SDK\\ODBC\\110\\Tools\\Binn\\;C:\\Program Files (x86)\\Microsoft SQL Server\\120\\Tools\\Binn\\ManagementStudio\\;C:\\Program Files (x86)\\Microsoft SQL Server\\120\\Tools\\Binn\\;C:\\Program Files (x86)\\Microsoft SQL Server\\120\\DTS\\Binn\\;C:\\Program Files\\Microsoft SQL Server\\120\\DTS\\Binn\\;C:\\Program Files\\Microsoft SQL Server\\110\\Tools\\Binn\\;C:\\Program Files\\Java\\jre7\\bin;C:\\Program Files\\FileBot\\;C:\\Program Files (x86)\\Git\\cmd;C:\\Program Files (x86)\\Microsoft SDKs\\TypeScript\\1.4\\;C:\\Program Files\\nodejs\\;C:\\tools\\python;C:\\Program Files (x86)\\Microsoft SDKs\\TypeScript\\1.0\\;C:\\Program Files (x86)\\GtkSharp\\2.12\\bin;C:\\Program Files (x86)\\Skype\\Phone\\;C:\\ProgramData\\chocolatey\\bin;C:\\Users\\Aleksandar\\AppData\\Roaming\\npm;C:\\tools\\python\\Scripts"
ProgramData => "C:\\ProgramData"
ProgramFiles => "C:\\Program Files"
ProgramFiles(x86) => "C:\\Program Files (x86)"
ProgramW6432 => "C:\\Program Files"
RUBYLIB => "C:/tools/ruby215/lib/ruby/gems/2.1.0/gems/bundler-1.8.5/lib"
RUBYOPT => "-rbundler/setup"
SystemDrive => "C:"
SystemRoot => "C:\\WINDOWS"
TEMP => "C:\\Users\\ALEKSA~1\\AppData\\Local\\Temp"
TMP => "C:\\Users\\ALEKSA~1\\AppData\\Local\\Temp"
USER => "Aleksandar"
USERDOMAIN => "WIN-K5AJFGB5DC1"
USERDOMAIN_ROAMINGPROFILE => "WIN-K5AJFGB5DC1"
USERNAME => "Aleksandar"
USERPROFILE => "C:\\Users\\Aleksandar"
VS110COMNTOOLS => "C:\\Program Files (x86)\\Microsoft Visual Studio 11.0\\Common7\\Tools\\"
VS120COMNTOOLS => "C:\\Program Files (x86)\\Microsoft Visual Studio 12.0\\Common7\\Tools\\"
VS140COMNTOOLS => "C:\\Program Files (x86)\\Microsoft Visual Studio 14.0\\Common7\\Tools\\"
_ORIGINAL_GEM_PATH => "C:/tools/ruby215/lib/ruby/gems/2.1.0;C:/Users/Aleksandar/.gem/ruby/2.1.0"
windir => "C:\\WINDOWS"

===== GEMFILE.LOCK:

GEM
  remote: http://rubygems.org/
  specs:
    adsf (1.2.0)
      rack (>= 1.0.0)
    celluloid (0.16.0)
      timers (~> 4.0.0)
    chunky_png (1.3.3)
    coderay (1.1.0)
    colored (1.2)
    compass (1.0.3)
      chunky_png (~> 1.2)
      compass-core (~> 1.0.2)
      compass-import-once (~> 1.0.5)
      rb-fsevent (>= 0.9.3)
      rb-inotify (>= 0.9)
      sass (>= 3.3.13, < 3.5)
    compass-core (1.0.3)
      multi_json (~> 1.0)
      sass (>= 3.3.0, < 3.5)
    compass-import-once (1.0.5)
      sass (>= 3.2, < 3.5)
    cri (2.6.1)
      colored (~> 1.2)
    ffi (1.9.6-x64-mingw32)
    ffi (1.9.6-x86-mingw32)
    formatador (0.2.5)
    guard (2.11.1)
      formatador (>= 0.2.4)
      listen (~> 2.7)
      lumberjack (~> 1.0)
      nenv (~> 0.1)
      notiffany (~> 0.0)
      pry (>= 0.9.12)
      shellany (~> 0.0)
      thor (>= 0.18.1)
    guard-nanoc (1.0.3)
      guard (~> 2.8)
      nanoc (~> 3.6)
    hitimes (1.2.2)
    hitimes (1.2.2-x86-mingw32)
    kramdown (1.5.0)
    listen (2.8.5)
      celluloid (>= 0.15.2)
      rb-fsevent (>= 0.9.3)
      rb-inotify (>= 0.9)
    lumberjack (1.0.9)
    method_source (0.8.2)
    multi_json (1.10.1)
    nanoc (3.7.5)
      cri (~> 2.3)
    nenv (0.2.0)
    notiffany (0.0.4)
      nenv (~> 0.1)
      shellany (~> 0.0)
    pry (0.10.1-x64-mingw32)
      coderay (~> 1.1.0)
      method_source (~> 0.8.1)
      slop (~> 3.4)
      win32console (~> 1.3)
    pry (0.10.1-x86-mingw32)
      coderay (~> 1.1.0)
      method_source (~> 0.8.1)
      slop (~> 3.4)
      win32console (~> 1.3)
    rack (1.6.0)
    rb-fsevent (0.9.4)
    rb-inotify (0.9.5)
      ffi (>= 0.5.0)
    rouge (1.7.7)
    sass (3.4.11)
    shellany (0.0.1)
    slop (3.6.0)
    thor (0.19.1)
    timers (4.0.1)
      hitimes
    wdm (0.1.0)
    win32console (1.3.2)
    win32console (1.3.2-x86-mingw32)

PLATFORMS
  x64-mingw32
  x86-mingw32

DEPENDENCIES
  adsf
  compass
  guard-nanoc
  kramdown
  nanoc
  rouge
  wdm
  win32console

===== LOAD PATHS:

  0. C:/tools/ruby215/lib/ruby/gems/2.1.0/gems/wdm-0.1.0/lib
  1. C:/tools/ruby215/lib/ruby/gems/2.1.0/extensions/x64-mingw32/2.1.0/wdm-0.1.0
  2. C:/tools/ruby215/lib/ruby/gems/2.1.0/gems/rouge-1.7.7/lib
  3. C:/tools/ruby215/lib/ruby/gems/2.1.0/gems/kramdown-1.5.0/lib
  4. C:/tools/ruby215/lib/ruby/gems/2.1.0/gems/guard-nanoc-1.0.3/lib
  5. C:/tools/ruby215/lib/ruby/gems/2.1.0/gems/nanoc-3.7.5/lib
  6. C:/tools/ruby215/lib/ruby/gems/2.1.0/gems/guard-2.11.1/lib
  7. C:/tools/ruby215/lib/ruby/gems/2.1.0/gems/thor-0.19.1/lib
  8. C:/tools/ruby215/lib/ruby/gems/2.1.0/gems/pry-0.10.1-x64-mingw32/lib
  9. C:/tools/ruby215/lib/ruby/gems/2.1.0/gems/win32console-1.3.2/lib
  10. C:/tools/ruby215/lib/ruby/gems/2.1.0/extensions/x64-mingw32/2.1.0/win32console-1.3.2
  11. C:/tools/ruby215/lib/ruby/gems/2.1.0/gems/slop-3.6.0/lib
  12. C:/tools/ruby215/lib/ruby/gems/2.1.0/gems/method_source-0.8.2/lib
  13. C:/tools/ruby215/lib/ruby/gems/2.1.0/gems/notiffany-0.0.4/lib
  14. C:/tools/ruby215/lib/ruby/gems/2.1.0/gems/shellany-0.0.1/lib
  15. C:/tools/ruby215/lib/ruby/gems/2.1.0/gems/nenv-0.2.0/lib
  16. C:/tools/ruby215/lib/ruby/gems/2.1.0/gems/lumberjack-1.0.9/lib
  17. C:/tools/ruby215/lib/ruby/gems/2.1.0/gems/listen-2.8.5/lib
  18. C:/tools/ruby215/lib/ruby/gems/2.1.0/gems/formatador-0.2.5/lib
  19. C:/tools/ruby215/lib/ruby/gems/2.1.0/gems/cri-2.6.1/lib
  20. C:/tools/ruby215/lib/ruby/gems/2.1.0/gems/compass-1.0.3/lib
  21. C:/tools/ruby215/lib/ruby/gems/2.1.0/gems/rb-inotify-0.9.5/lib
  22. C:/tools/ruby215/lib/ruby/gems/2.1.0/gems/ffi-1.9.6-x64-mingw32/lib
  23. C:/tools/ruby215/lib/ruby/gems/2.1.0/gems/rb-fsevent-0.9.4/lib
  24. C:/tools/ruby215/lib/ruby/gems/2.1.0/gems/compass-import-once-1.0.5/lib
  25. C:/tools/ruby215/lib/ruby/gems/2.1.0/gems/compass-core-1.0.3/lib
  26. C:/tools/ruby215/lib/ruby/gems/2.1.0/gems/sass-3.4.11/lib
  27. C:/tools/ruby215/lib/ruby/gems/2.1.0/gems/multi_json-1.10.1/lib
  28. C:/tools/ruby215/lib/ruby/gems/2.1.0/gems/colored-1.2/lib
  29. C:/tools/ruby215/lib/ruby/gems/2.1.0/gems/coderay-1.1.0/lib
  30. C:/tools/ruby215/lib/ruby/gems/2.1.0/gems/chunky_png-1.3.3/lib
  31. C:/tools/ruby215/lib/ruby/gems/2.1.0/gems/celluloid-0.16.0/lib
  32. C:/tools/ruby215/lib/ruby/gems/2.1.0/gems/timers-4.0.1/lib
  33. C:/tools/ruby215/lib/ruby/gems/2.1.0/gems/hitimes-1.2.2/lib
  34. C:/tools/ruby215/lib/ruby/gems/2.1.0/extensions/x64-mingw32/2.1.0/hitimes-1.2.2
  35. C:/tools/ruby215/lib/ruby/gems/2.1.0/gems/adsf-1.2.0/lib
  36. C:/tools/ruby215/lib/ruby/gems/2.1.0/gems/rack-1.6.0/lib
  37. C:/tools/ruby215/lib/ruby/gems/2.1.0/gems/bundler-1.8.5/lib
  38. C:/tools/ruby215/lib/ruby/site_ruby/2.1.0
  39. C:/tools/ruby215/lib/ruby/site_ruby/2.1.0/x64-msvcrt
  40. C:/tools/ruby215/lib/ruby/site_ruby
  41. C:/tools/ruby215/lib/ruby/vendor_ruby/2.1.0
  42. C:/tools/ruby215/lib/ruby/vendor_ruby/2.1.0/x64-msvcrt
  43. C:/tools/ruby215/lib/ruby/vendor_ruby
  44. C:/tools/ruby215/lib/ruby/2.1.0
  45. C:/tools/ruby215/lib/ruby/2.1.0/x64-mingw32
